2020-07-26 10:12:30.679
                [restartedMain] INFO  com.missionsky.bbs.BbsApplication - Starting BbsApplication on DESKTOP-2CFNV6I with PID 5652 (C:\Users\Administrator\IdeaProjects\bbs\target\classes started by Administrator in C:\Users\Administrator\IdeaProjects\bbs)
2020-07-26 10:12:30.685
                [restartedMain] INFO  com.missionsky.bbs.BbsApplication - No active profile set, falling back to default profiles: default
2020-07-26 10:12:30.977
                [restartedMain] INFO  o.s.b.d.env.DevToolsPropertyDefaultsPostProcessor - Devtools property defaults active! Set 'spring.devtools.add-properties' to 'false' to disable
2020-07-26 10:12:30.978
                [restartedMain] INFO  o.s.b.d.env.DevToolsPropertyDefaultsPostProcessor - For additional web related logging consider setting the 'logging.level.web' property to 'DEBUG'
2020-07-26 10:12:34.101
                [restartedMain] INFO  o.s.boot.web.embedded.tomcat.TomcatWebServer - Tomcat initialized with port(s): 8080 (http)
2020-07-26 10:12:34.118
                [restartedMain] INFO  org.apache.coyote.http11.Http11NioProtocol - Initializing ProtocolHandler ["http-nio-8080"]
2020-07-26 10:12:34.119
                [restartedMain] INFO  org.apache.catalina.core.StandardService - Starting service [Tomcat]
2020-07-26 10:12:34.119
                [restartedMain] INFO  org.apache.catalina.core.StandardEngine - Starting Servlet engine: [Apache Tomcat/9.0.36]
2020-07-26 10:12:34.317
                [restartedMain] INFO  o.a.c.c.ContainerBase.[Tomcat].[localhost].[/bbs] - Initializing Spring embedded WebApplicationContext
2020-07-26 10:12:34.317
                [restartedMain] INFO  o.s.b.w.s.c.ServletWebServerApplicationContext - Root WebApplicationContext: initialization completed in 3338 ms
2020-07-26 10:12:36.558
                [restartedMain] INFO  o.s.scheduling.concurrent.ThreadPoolTaskExecutor - Initializing ExecutorService 'applicationTaskExecutor'
2020-07-26 10:12:36.675
                [restartedMain] INFO  o.s.b.a.web.servlet.WelcomePageHandlerMapping - Adding welcome page template: index
2020-07-26 10:12:37.234
                [restartedMain] INFO  o.s.security.web.DefaultSecurityFilterChain - Creating filter chain: any request, [org.springframework.security.web.context.request.async.WebAsyncManagerIntegrationFilter@608ccd00, org.springframework.security.web.context.SecurityContextPersistenceFilter@3c168b7c, org.springframework.security.web.header.HeaderWriterFilter@43b07a84, org.springframework.security.web.csrf.CsrfFilter@1007234c, org.springframework.security.web.authentication.logout.LogoutFilter@612a8d8d, org.springframework.security.web.authentication.UsernamePasswordAuthenticationFilter@4bb97005, org.springframework.security.web.savedrequest.RequestCacheAwareFilter@220e0c0c, org.springframework.security.web.servletapi.SecurityContextHolderAwareRequestFilter@43d1b2b6, org.springframework.security.web.authentication.AnonymousAuthenticationFilter@485b2c31, org.springframework.security.web.session.SessionManagementFilter@d10c31a, org.springframework.security.web.access.ExceptionTranslationFilter@3e981f4e, org.springframework.security.web.access.intercept.FilterSecurityInterceptor@52ac5e0a]
2020-07-26 10:12:37.331
                [restartedMain] INFO  o.s.b.d.autoconfigure.OptionalLiveReloadServer - LiveReload server is running on port 35729
2020-07-26 10:12:37.366
                [restartedMain] INFO  org.apache.coyote.http11.Http11NioProtocol - Starting ProtocolHandler ["http-nio-8080"]
2020-07-26 10:12:37.395
                [restartedMain] INFO  o.s.boot.web.embedded.tomcat.TomcatWebServer - Tomcat started on port(s): 8080 (http) with context path '/bbs'
2020-07-26 10:12:37.413
                [restartedMain] INFO  com.missionsky.bbs.BbsApplication - Started BbsApplication in 7.808 seconds (JVM running for 11.713)
2020-07-26 10:12:54.893
                [http-nio-8080-exec-2] INFO  o.a.c.c.ContainerBase.[Tomcat].[localhost].[/bbs] - Initializing Spring DispatcherServlet 'dispatcherServlet'
2020-07-26 10:12:54.894
                [http-nio-8080-exec-2] INFO  org.springframework.web.servlet.DispatcherServlet - Initializing Servlet 'dispatcherServlet'
2020-07-26 10:12:54.906
                [http-nio-8080-exec-2] INFO  org.springframework.web.servlet.DispatcherServlet - Completed initialization in 12 ms
2020-07-26 10:12:55.083
                [http-nio-8080-exec-2] INFO  com.alibaba.druid.pool.DruidDataSource - {dataSource-1} inited
2020-07-26 10:13:43.502
                [restartedMain] INFO  com.missionsky.bbs.BbsApplication - Starting BbsApplication on DESKTOP-2CFNV6I with PID 14496 (C:\Users\Administrator\IdeaProjects\bbs\target\classes started by Administrator in C:\Users\Administrator\IdeaProjects\bbs)
2020-07-26 10:13:43.520
                [restartedMain] INFO  com.missionsky.bbs.BbsApplication - No active profile set, falling back to default profiles: default
2020-07-26 10:13:43.706
                [restartedMain] INFO  o.s.b.d.env.DevToolsPropertyDefaultsPostProcessor - Devtools property defaults active! Set 'spring.devtools.add-properties' to 'false' to disable
2020-07-26 10:13:43.706
                [restartedMain] INFO  o.s.b.d.env.DevToolsPropertyDefaultsPostProcessor - For additional web related logging consider setting the 'logging.level.web' property to 'DEBUG'
2020-07-26 10:13:46.712
                [restartedMain] INFO  o.s.boot.web.embedded.tomcat.TomcatWebServer - Tomcat initialized with port(s): 8080 (http)
2020-07-26 10:13:46.725
                [restartedMain] INFO  org.apache.coyote.http11.Http11NioProtocol - Initializing ProtocolHandler ["http-nio-8080"]
2020-07-26 10:13:46.726
                [restartedMain] INFO  org.apache.catalina.core.StandardService - Starting service [Tomcat]
2020-07-26 10:13:46.726
                [restartedMain] INFO  org.apache.catalina.core.StandardEngine - Starting Servlet engine: [Apache Tomcat/9.0.36]
2020-07-26 10:13:46.883
                [restartedMain] INFO  o.a.c.c.ContainerBase.[Tomcat].[localhost].[/bbs] - Initializing Spring embedded WebApplicationContext
2020-07-26 10:13:46.886
                [restartedMain] INFO  o.s.b.w.s.c.ServletWebServerApplicationContext - Root WebApplicationContext: initialization completed in 3180 ms
2020-07-26 10:13:49.203
                [restartedMain] INFO  o.s.scheduling.concurrent.ThreadPoolTaskExecutor - Initializing ExecutorService 'applicationTaskExecutor'
2020-07-26 10:13:49.287
                [restartedMain] INFO  o.s.b.a.web.servlet.WelcomePageHandlerMapping - Adding welcome page template: index
2020-07-26 10:13:49.595
                [restartedMain] INFO  o.s.security.web.DefaultSecurityFilterChain - Creating filter chain: any request, [org.springframework.security.web.context.request.async.WebAsyncManagerIntegrationFilter@1f587d71, org.springframework.security.web.context.SecurityContextPersistenceFilter@49b04162, org.springframework.security.web.header.HeaderWriterFilter@bca330a, org.springframework.security.web.csrf.CsrfFilter@487770b1, org.springframework.security.web.authentication.logout.LogoutFilter@169cc732, org.springframework.security.web.authentication.UsernamePasswordAuthenticationFilter@51b12c41, org.springframework.security.web.savedrequest.RequestCacheAwareFilter@6b993c11, org.springframework.security.web.servletapi.SecurityContextHolderAwareRequestFilter@6129cfe3, org.springframework.security.web.authentication.AnonymousAuthenticationFilter@2f78b310, org.springframework.security.web.session.SessionManagementFilter@6f076c6, org.springframework.security.web.access.ExceptionTranslationFilter@309a4c15, org.springframework.security.web.access.intercept.FilterSecurityInterceptor@74a27a1f]
2020-07-26 10:13:49.674
                [restartedMain] INFO  o.s.b.d.autoconfigure.OptionalLiveReloadServer - LiveReload server is running on port 35729
2020-07-26 10:13:49.700
                [restartedMain] INFO  org.apache.coyote.http11.Http11NioProtocol - Starting ProtocolHandler ["http-nio-8080"]
2020-07-26 10:13:49.722
                [restartedMain] INFO  o.s.boot.web.embedded.tomcat.TomcatWebServer - Tomcat started on port(s): 8080 (http) with context path '/bbs'
2020-07-26 10:13:49.735
                [restartedMain] INFO  com.missionsky.bbs.BbsApplication - Started BbsApplication in 7.543 seconds (JVM running for 10.049)
2020-07-26 10:13:58.697
                [http-nio-8080-exec-1] INFO  o.a.c.c.ContainerBase.[Tomcat].[localhost].[/bbs] - Initializing Spring DispatcherServlet 'dispatcherServlet'
2020-07-26 10:13:58.698
                [http-nio-8080-exec-1] INFO  org.springframework.web.servlet.DispatcherServlet - Initializing Servlet 'dispatcherServlet'
2020-07-26 10:13:58.710
                [http-nio-8080-exec-1] INFO  org.springframework.web.servlet.DispatcherServlet - Completed initialization in 12 ms
2020-07-26 10:14:27.996
                [restartedMain] INFO  com.missionsky.bbs.BbsApplication - Starting BbsApplication on DESKTOP-2CFNV6I with PID 20388 (C:\Users\Administrator\IdeaProjects\bbs\target\classes started by Administrator in C:\Users\Administrator\IdeaProjects\bbs)
2020-07-26 10:14:28.002
                [restartedMain] INFO  com.missionsky.bbs.BbsApplication - No active profile set, falling back to default profiles: default
2020-07-26 10:14:28.205
                [restartedMain] INFO  o.s.b.d.env.DevToolsPropertyDefaultsPostProcessor - Devtools property defaults active! Set 'spring.devtools.add-properties' to 'false' to disable
2020-07-26 10:14:28.205
                [restartedMain] INFO  o.s.b.d.env.DevToolsPropertyDefaultsPostProcessor - For additional web related logging consider setting the 'logging.level.web' property to 'DEBUG'
2020-07-26 10:14:30.650
                [restartedMain] INFO  o.s.boot.web.embedded.tomcat.TomcatWebServer - Tomcat initialized with port(s): 8080 (http)
2020-07-26 10:14:30.665
                [restartedMain] INFO  org.apache.coyote.http11.Http11NioProtocol - Initializing ProtocolHandler ["http-nio-8080"]
2020-07-26 10:14:30.669
                [restartedMain] INFO  org.apache.catalina.core.StandardService - Starting service [Tomcat]
2020-07-26 10:14:30.669
                [restartedMain] INFO  org.apache.catalina.core.StandardEngine - Starting Servlet engine: [Apache Tomcat/9.0.36]
2020-07-26 10:14:30.816
                [restartedMain] INFO  o.a.c.c.ContainerBase.[Tomcat].[localhost].[/bbs] - Initializing Spring embedded WebApplicationContext
2020-07-26 10:14:30.816
                [restartedMain] INFO  o.s.b.w.s.c.ServletWebServerApplicationContext - Root WebApplicationContext: initialization completed in 2611 ms
2020-07-26 10:14:32.690
                [restartedMain] INFO  o.s.scheduling.concurrent.ThreadPoolTaskExecutor - Initializing ExecutorService 'applicationTaskExecutor'
2020-07-26 10:14:32.767
                [restartedMain] INFO  o.s.b.a.web.servlet.WelcomePageHandlerMapping - Adding welcome page template: index
2020-07-26 10:14:33.179
                [restartedMain] INFO  o.s.security.web.DefaultSecurityFilterChain - Creating filter chain: any request, [org.springframework.security.web.context.request.async.WebAsyncManagerIntegrationFilter@2ec45cbf, org.springframework.security.web.context.SecurityContextPersistenceFilter@1e7c4e50, org.springframework.security.web.header.HeaderWriterFilter@7573f89a, org.springframework.security.web.csrf.CsrfFilter@27d1ac05, org.springframework.security.web.authentication.logout.LogoutFilter@13d2a306, org.springframework.security.web.authentication.UsernamePasswordAuthenticationFilter@540f91ca, org.springframework.security.web.savedrequest.RequestCacheAwareFilter@49213f8e, org.springframework.security.web.servletapi.SecurityContextHolderAwareRequestFilter@4f2bd78f, org.springframework.security.web.authentication.AnonymousAuthenticationFilter@2a9102ca, org.springframework.security.web.session.SessionManagementFilter@176cbbae, org.springframework.security.web.access.ExceptionTranslationFilter@3f0ff7b6, org.springframework.security.web.access.intercept.FilterSecurityInterceptor@7c73926f]
2020-07-26 10:14:33.261
                [restartedMain] INFO  o.s.b.d.autoconfigure.OptionalLiveReloadServer - LiveReload server is running on port 35729
2020-07-26 10:14:33.320
                [restartedMain] INFO  org.apache.coyote.http11.Http11NioProtocol - Starting ProtocolHandler ["http-nio-8080"]
2020-07-26 10:14:33.381
                [restartedMain] INFO  o.s.boot.web.embedded.tomcat.TomcatWebServer - Tomcat started on port(s): 8080 (http) with context path '/bbs'
2020-07-26 10:14:33.420
                [restartedMain] INFO  com.missionsky.bbs.BbsApplication - Started BbsApplication in 6.778 seconds (JVM running for 9.822)
