2020-08-06 00:49:04.597
                [restartedMain] INFO  com.missionsky.bbs.BbsApplication - Starting BbsApplication on DESKTOP-2CFNV6I with PID 7248 (C:\Users\Administrator\IdeaProjects\bbs\target\classes started by Administrator in C:\Users\Administrator\IdeaProjects\bbs)
2020-08-06 00:49:04.601
                [restartedMain] INFO  com.missionsky.bbs.BbsApplication - No active profile set, falling back to default profiles: default
2020-08-06 00:49:04.890
                [restartedMain] INFO  o.s.b.d.env.DevToolsPropertyDefaultsPostProcessor - Devtools property defaults active! Set 'spring.devtools.add-properties' to 'false' to disable
2020-08-06 00:49:04.892
                [restartedMain] INFO  o.s.b.d.env.DevToolsPropertyDefaultsPostProcessor - For additional web related logging consider setting the 'logging.level.web' property to 'DEBUG'
2020-08-06 00:49:06.522
                [restartedMain] INFO  o.s.boot.web.embedded.tomcat.TomcatWebServer - Tomcat initialized with port(s): 8080 (http)
2020-08-06 00:49:06.532
                [restartedMain] INFO  org.apache.coyote.http11.Http11NioProtocol - Initializing ProtocolHandler ["http-nio-8080"]
2020-08-06 00:49:06.533
                [restartedMain] INFO  org.apache.catalina.core.StandardService - Starting service [Tomcat]
2020-08-06 00:49:06.534
                [restartedMain] INFO  org.apache.catalina.core.StandardEngine - Starting Servlet engine: [Apache Tomcat/9.0.36]
2020-08-06 00:49:06.632
                [restartedMain] INFO  o.a.c.c.ContainerBase.[Tomcat].[localhost].[/bbs] - Initializing Spring embedded WebApplicationContext
2020-08-06 00:49:06.633
                [restartedMain] INFO  o.s.b.w.s.c.ServletWebServerApplicationContext - Root WebApplicationContext: initialization completed in 1738 ms
2020-08-06 00:49:07.953
                [restartedMain] INFO  o.s.scheduling.concurrent.ThreadPoolTaskExecutor - Initializing ExecutorService 'applicationTaskExecutor'
2020-08-06 00:49:08.028
                [restartedMain] INFO  o.s.b.a.web.servlet.WelcomePageHandlerMapping - Adding welcome page template: index
2020-08-06 00:49:08.331
                [restartedMain] INFO  o.s.security.web.DefaultSecurityFilterChain - Creating filter chain: any request, [org.springframework.security.web.context.request.async.WebAsyncManagerIntegrationFilter@2f33e76, org.springframework.security.web.context.SecurityContextPersistenceFilter@168ffade, org.springframework.security.web.header.HeaderWriterFilter@68361233, org.springframework.security.web.csrf.CsrfFilter@1a900d8d, org.springframework.security.web.authentication.logout.LogoutFilter@48e89051, org.springframework.security.web.authentication.UsernamePasswordAuthenticationFilter@6a431e85, org.springframework.security.web.savedrequest.RequestCacheAwareFilter@7f7ae808, org.springframework.security.web.servletapi.SecurityContextHolderAwareRequestFilter@4cace077, org.springframework.security.web.authentication.AnonymousAuthenticationFilter@676e7d5e, org.springframework.security.web.session.SessionManagementFilter@5c24bd7e, org.springframework.security.web.access.ExceptionTranslationFilter@69da132a, org.springframework.security.web.access.intercept.FilterSecurityInterceptor@51df5fe7]
2020-08-06 00:49:08.408
                [restartedMain] INFO  o.s.b.d.autoconfigure.OptionalLiveReloadServer - LiveReload server is running on port 35729
2020-08-06 00:49:08.431
                [restartedMain] INFO  org.apache.coyote.http11.Http11NioProtocol - Starting ProtocolHandler ["http-nio-8080"]
2020-08-06 00:49:08.455
                [restartedMain] INFO  o.s.boot.web.embedded.tomcat.TomcatWebServer - Tomcat started on port(s): 8080 (http) with context path '/bbs'
2020-08-06 00:49:08.469
                [restartedMain] INFO  com.missionsky.bbs.BbsApplication - Started BbsApplication in 5.804 seconds (JVM running for 9.198)
2020-08-06 00:49:15.552
                [http-nio-8080-exec-1] INFO  o.a.c.c.ContainerBase.[Tomcat].[localhost].[/bbs] - Initializing Spring DispatcherServlet 'dispatcherServlet'
2020-08-06 00:49:15.552
                [http-nio-8080-exec-1] INFO  org.springframework.web.servlet.DispatcherServlet - Initializing Servlet 'dispatcherServlet'
2020-08-06 00:49:15.563
                [http-nio-8080-exec-1] INFO  org.springframework.web.servlet.DispatcherServlet - Completed initialization in 10 ms
2020-08-06 00:49:15.681
                [http-nio-8080-exec-1] INFO  com.alibaba.druid.pool.DruidDataSource - {dataSource-1} inited
