2020-08-02 20:42:03.253
                [restartedMain] INFO  com.missionsky.bbs.BbsApplication - Starting BbsApplication on DESKTOP-2CFNV6I with PID 13232 (C:\Users\Administrator\IdeaProjects\bbs\target\classes started by Administrator in C:\Users\Administrator\IdeaProjects\bbs)
2020-08-02 20:42:03.269
                [restartedMain] INFO  com.missionsky.bbs.BbsApplication - No active profile set, falling back to default profiles: default
2020-08-02 20:42:03.440
                [restartedMain] INFO  o.s.b.d.env.DevToolsPropertyDefaultsPostProcessor - Devtools property defaults active! Set 'spring.devtools.add-properties' to 'false' to disable
2020-08-02 20:42:03.440
                [restartedMain] INFO  o.s.b.d.env.DevToolsPropertyDefaultsPostProcessor - For additional web related logging consider setting the 'logging.level.web' property to 'DEBUG'
2020-08-02 20:42:05.565
                [restartedMain] INFO  o.s.boot.web.embedded.tomcat.TomcatWebServer - Tomcat initialized with port(s): 8080 (http)
2020-08-02 20:42:05.580
                [restartedMain] INFO  org.apache.coyote.http11.Http11NioProtocol - Initializing ProtocolHandler ["http-nio-8080"]
2020-08-02 20:42:05.580
                [restartedMain] INFO  org.apache.catalina.core.StandardService - Starting service [Tomcat]
2020-08-02 20:42:05.580
                [restartedMain] INFO  org.apache.catalina.core.StandardEngine - Starting Servlet engine: [Apache Tomcat/9.0.36]
2020-08-02 20:42:05.690
                [restartedMain] INFO  o.a.c.c.ContainerBase.[Tomcat].[localhost].[/bbs] - Initializing Spring embedded WebApplicationContext
2020-08-02 20:42:05.690
                [restartedMain] INFO  o.s.b.w.s.c.ServletWebServerApplicationContext - Root WebApplicationContext: initialization completed in 2250 ms
2020-08-02 20:42:06.955
                [restartedMain] INFO  o.s.scheduling.concurrent.ThreadPoolTaskExecutor - Initializing ExecutorService 'applicationTaskExecutor'
2020-08-02 20:42:07.018
                [restartedMain] INFO  o.s.b.a.web.servlet.WelcomePageHandlerMapping - Adding welcome page template: index
2020-08-02 20:42:07.283
                [restartedMain] INFO  o.s.security.web.DefaultSecurityFilterChain - Creating filter chain: any request, [org.springframework.security.web.context.request.async.WebAsyncManagerIntegrationFilter@299dc74e, org.springframework.security.web.context.SecurityContextPersistenceFilter@7d8a867c, org.springframework.security.web.header.HeaderWriterFilter@68eff0d9, org.springframework.security.web.csrf.CsrfFilter@2b36dcb5, org.springframework.security.web.authentication.logout.LogoutFilter@1c4eb410, org.springframework.security.web.authentication.UsernamePasswordAuthenticationFilter@7ca12b04, org.springframework.security.web.savedrequest.RequestCacheAwareFilter@5313bb7e, org.springframework.security.web.servletapi.SecurityContextHolderAwareRequestFilter@3a11991d, org.springframework.security.web.authentication.AnonymousAuthenticationFilter@30e36d08, org.springframework.security.web.session.SessionManagementFilter@24d551fd, org.springframework.security.web.access.ExceptionTranslationFilter@255658df, org.springframework.security.web.access.intercept.FilterSecurityInterceptor@2d087e28]
2020-08-02 20:42:07.346
                [restartedMain] INFO  o.s.b.d.autoconfigure.OptionalLiveReloadServer - LiveReload server is running on port 35729
2020-08-02 20:42:07.361
                [restartedMain] INFO  org.apache.coyote.http11.Http11NioProtocol - Starting ProtocolHandler ["http-nio-8080"]
2020-08-02 20:42:07.377
                [restartedMain] INFO  o.s.boot.web.embedded.tomcat.TomcatWebServer - Tomcat started on port(s): 8080 (http) with context path '/bbs'
2020-08-02 20:42:07.393
                [restartedMain] INFO  com.missionsky.bbs.BbsApplication - Started BbsApplication in 5.106 seconds (JVM running for 7.76)
2020-08-02 20:42:20.615
                [http-nio-8080-exec-1] INFO  o.a.c.c.ContainerBase.[Tomcat].[localhost].[/bbs] - Initializing Spring DispatcherServlet 'dispatcherServlet'
2020-08-02 20:42:20.615
                [http-nio-8080-exec-1] INFO  org.springframework.web.servlet.DispatcherServlet - Initializing Servlet 'dispatcherServlet'
2020-08-02 20:42:20.626
                [http-nio-8080-exec-1] INFO  org.springframework.web.servlet.DispatcherServlet - Completed initialization in 10 ms
2020-08-02 20:42:20.778
                [http-nio-8080-exec-1] INFO  com.alibaba.druid.pool.DruidDataSource - {dataSource-1} inited
